Script started on Wed 12 Oct 2016 05:27:33 PM CST
root@52:/home/ubuntu/web# python3 mail_re*
没有新邮件！17:28
没有新邮件！17:46
没有新邮件！18:02
没有新邮件！18:19
没有新邮件！18:36
没有新邮件！18:53
没有新邮件！19:10
没有新邮件！19:26
没有新邮件！19:43
没有新邮件！20:00
没有新邮件！20:17
没有新邮件！20:34
没有新邮件！20:50
没有新邮件！21:07
没有新邮件！21:24
没有新邮件！21:41
没有新邮件！21:58
没有新邮件！22:14
没有新邮件！22:31
没有新邮件！22:48
没有新邮件！23:05
没有新邮件！23:22
没有新邮件！23:38
没有新邮件！23:55
没有新邮件！00:12
没有新邮件！00:29
没有新邮件！00:46
没有新邮件！01:03
没有新邮件！01:19
没有新邮件！01:36
没有新邮件！01:53
没有新邮件！02:10
没有新邮件！02:27
没有新邮件！02:43
没有新邮件！03:00
没有新邮件！03:17
没有新邮件！03:34
没有新邮件！03:50
没有新邮件！04:07
没有新邮件！04:24
没有新邮件！04:41
没有新邮件！04:58
没有新邮件！05:14
没有新邮件！05:31
没有新邮件！05:48
没有新邮件！06:05
没有新邮件！06:22
没有新邮件！06:39
没有新邮件！06:56
没有新邮件！07:13
没有新邮件！07:29
没有新邮件！07:46
没有新邮件！08:03
没有新邮件！08:20
没有新邮件！08:37
没有新邮件！08:54
没有新邮件！09:11
没有新邮件！09:28
没有新邮件！09:45
没有新邮件！10:01
新邮件已发送2016年研究生奖学金及评优获得者提交材料的通知(14日提交)10:18
没有新邮件！10:35
没有新邮件！10:52
新邮件已发送2016年研究生奖学金及评优获得者提交材料的通知(14日提交)之鸿儒奖学金11:09
没有新邮件！11:25
没有新邮件！11:42
没有新邮件！11:59
没有新邮件！12:16
没有新邮件！12:33
没有新邮件！12:49
没有新邮件！13:06
没有新邮件！13:23
没有新邮件！13:40
新邮件已发送关于研究生家庭经济困难认定的通知（具体安排参照各班通知）13:57
没有新邮件！14:13
没有新邮件！14:30
没有新邮件！14:47
新邮件已发送关于收取2016级研究生医疗保险费的通知 15:04
没有新邮件！15:20
没有新邮件！15:37
没有新邮件！15:54
没有新邮件！16:11
没有新邮件！16:27
没有新邮件！16:44
没有新邮件！17:01
没有新邮件！17:18
没有新邮件！17:35
没有新邮件！17:51
没有新邮件！18:08
没有新邮件！18:25
没有新邮件！18:42
没有新邮件！18:58
没有新邮件！19:15
没有新邮件！19:32
没有新邮件！19:49
没有新邮件！20:06
没有新邮件！20:22
新邮件已发送Justin 自动回复: 转发: 课件中文版20:39
获取失败，进入冷却
b'-ERR Unknown message'
没有新邮件！21:13
没有新邮件！21:29
没有新邮件！21:46
没有新邮件！22:03
没有新邮件！22:20
没有新邮件！22:37
没有新邮件！22:53
没有新邮件！23:10
没有新邮件！23:27
没有新邮件！23:44
没有新邮件！00:00
没有新邮件！00:17
没有新邮件！00:34
没有新邮件！00:51
没有新邮件！01:08
没有新邮件！01:24
没有新邮件！01:41
没有新邮件！01:58
没有新邮件！02:15
没有新邮件！02:32
没有新邮件！02:48
没有新邮件！03:05
没有新邮件！03:22
没有新邮件！03:39
没有新邮件！03:55
没有新邮件！04:12
没有新邮件！04:29
没有新邮件！04:46
没有新邮件！05:03
没有新邮件！05:19
没有新邮件！05:36
没有新邮件！05:53
没有新邮件！06:10
没有新邮件！06:26
没有新邮件！06:43
没有新邮件！07:00
没有新邮件！07:17
没有新邮件！07:34
没有新邮件！07:50
没有新邮件！08:07
没有新邮件！08:24
没有新邮件！08:41
没有新邮件！08:58
没有新邮件！09:14
没有新邮件！09:31
没有新邮件！09:48
没有新邮件！10:05
没有新邮件！10:21
没有新邮件！10:38
没有新邮件！10:55
没有新邮件！11:12
没有新邮件！11:29
没有新邮件！11:46
没有新邮件！12:02
没有新邮件！12:19
没有新邮件！12:36
没有新邮件！12:53
没有新邮件！13:10
没有新邮件！13:26
没有新邮件！13:43
没有新邮件！14:00
没有新邮件！14:17
没有新邮件！14:33
没有新邮件！14:50
没有新邮件！15:07
没有新邮件！15:24
没有新邮件！15:41
没有新邮件！15:57
没有新邮件！16:14
没有新邮件！16:31
没有新邮件！16:48
没有新邮件！17:05
没有新邮件！17:22
没有新邮件！17:38
没有新邮件！17:55
没有新邮件！18:12
没有新邮件！18:29
没有新邮件！18:45
没有新邮件！19:02
没有新邮件！19:19
没有新邮件！19:36
没有新邮件！19:53
没有新邮件！20:09
没有新邮件！20:26
没有新邮件！20:43
没有新邮件！21:00
没有新邮件！21:16
没有新邮件！21:33
没有新邮件！21:50
没有新邮件！22:07
没有新邮件！22:24
没有新邮件！22:40
没有新邮件！22:57
没有新邮件！23:14
没有新邮件！23:31
没有新邮件！23:47
没有新邮件！00:04
没有新邮件！00:21
没有新邮件！00:38
没有新邮件！00:55
没有新邮件！01:11
没有新邮件！01:28
没有新邮件！01:45
没有新邮件！02:02
没有新邮件！02:18
没有新邮件！02:35
没有新邮件！02:52
没有新邮件！03:09
没有新邮件！03:26
没有新邮件！03:42
没有新邮件！03:59
没有新邮件！04:16
没有新邮件！04:33
没有新邮件！04:49
没有新邮件！05:06
没有新邮件！05:23
没有新邮件！05:40
没有新邮件！05:57
没有新邮件！06:13
没有新邮件！06:30
没有新邮件！06:47
没有新邮件！07:04
没有新邮件！07:21
没有新邮件！07:37
没有新邮件！07:54
没有新邮件！08:11
没有新邮件！08:28
没有新邮件！08:45
没有新邮件！09:01
没有新邮件！09:18
没有新邮件！09:35
没有新邮件！09:52
没有新邮件！10:08
没有新邮件！10:25
没有新邮件！10:42
没有新邮件！10:59
没有新邮件！11:16
没有新邮件！11:32
没有新邮件！11:49
没有新邮件！12:06
没有新邮件！12:23
没有新邮件！12:39
没有新邮件！12:56
没有新邮件！13:13
没有新邮件！13:30
没有新邮件！13:47
没有新邮件！14:03
没有新邮件！14:20
没有新邮件！14:37
没有新邮件！14:54
没有新邮件！15:10
没有新邮件！15:27
没有新邮件！15:44
没有新邮件！16:01
没有新邮件！16:18
没有新邮件！16:34
没有新邮件！16:51
没有新邮件！17:08
没有新邮件！17:25
没有新邮件！17:41
没有新邮件！17:58
没有新邮件！18:15
没有新邮件！18:32
没有新邮件！18:48
没有新邮件！19:05
没有新邮件！19:22
没有新邮件！19:39
没有新邮件！19:56
没有新邮件！20:12
没有新邮件！20:29
没有新邮件！20:46
没有新邮件！21:03
没有新邮件！21:20
没有新邮件！21:36
没有新邮件！21:53
没有新邮件！22:10
没有新邮件！22:27
没有新邮件！22:43
没有新邮件！23:00
没有新邮件！23:17
没有新邮件！23:34
没有新邮件！23:51
没有新邮件！00:07
没有新邮件！00:24
没有新邮件！00:41
没有新邮件！00:58
没有新邮件！01:15
没有新邮件！01:31
没有新邮件！01:48
没有新邮件！02:05
没有新邮件！02:22
没有新邮件！02:38
没有新邮件！02:55
没有新邮件！03:12
没有新邮件！03:29
没有新邮件！03:45
没有新邮件！04:02
没有新邮件！04:19
没有新邮件！04:36
没有新邮件！04:53
没有新邮件！05:09
没有新邮件！05:26
没有新邮件！05:43
没有新邮件！06:00
没有新邮件！06:17
没有新邮件！06:33
没有新邮件！06:50
没有新邮件！07:07
没有新邮件！07:24
没有新邮件！07:40
没有新邮件！07:57
没有新邮件！08:14
没有新邮件！08:31
没有新邮件！08:48
没有新邮件！09:04
没有新邮件！09:21
没有新邮件！09:38
没有新邮件！09:55
没有新邮件！10:12
没有新邮件！10:28
没有新邮件！10:45
没有新邮件！11:02
没有新邮件！11:19
没有新邮件！11:35
没有新邮件！11:52
没有新邮件！12:09
没有新邮件！12:26
没有新邮件！12:43
没有新邮件！12:59
没有新邮件！13:16
没有新邮件！13:33
没有新邮件！13:50
没有新邮件！14:07
没有新邮件！14:23
没有新邮件！14:40
没有新邮件！14:57
没有新邮件！15:14
没有新邮件！15:30
没有新邮件！15:47
没有新邮件！16:04
没有新邮件！16:21
没有新邮件！16:38
没有新邮件！16:54
没有新邮件！17:11
没有新邮件！17:28
没有新邮件！17:45
没有新邮件！18:02
没有新邮件！18:18
没有新邮件！18:35
没有新邮件！18:52
没有新邮件！19:09
没有新邮件！19:25
没有新邮件！19:42
没有新邮件！19:59
没有新邮件！20:16
没有新邮件！20:33
没有新邮件！20:50
没有新邮件！21:07
没有新邮件！21:24
没有新邮件！21:41
没有新邮件！21:58
没有新邮件！22:15
没有新邮件！22:32
没有新邮件！22:48
没有新邮件！23:05
没有新邮件！23:22
没有新邮件！23:39
没有新邮件！23:56
没有新邮件！00:12
没有新邮件！00:29
没有新邮件！00:46
没有新邮件！01:03
没有新邮件！01:20
没有新邮件！01:36
没有新邮件！01:53
没有新邮件！02:10
没有新邮件！02:27
没有新邮件！02:44
没有新邮件！03:01
没有新邮件！03:17
没有新邮件！03:34
没有新邮件！03:51
没有新邮件！04:08
没有新邮件！04:24
没有新邮件！04:41
没有新邮件！04:58
没有新邮件！05:15
没有新邮件！05:32
没有新邮件！05:48
没有新邮件！06:05
没有新邮件！06:22
没有新邮件！06:39
没有新邮件！06:56
没有新邮件！07:12
没有新邮件！07:29
没有新邮件！07:46
没有新邮件！08:03
没有新邮件！08:19
没有新邮件！08:36
没有新邮件！08:53
没有新邮件！09:10
没有新邮件！09:26
没有新邮件！09:43
没有新邮件！10:00
没有新邮件！10:17
没有新邮件！10:34
没有新邮件！10:50
没有新邮件！11:07
没有新邮件！11:24
没有新邮件！11:41
没有新邮件！11:58
没有新邮件！12:14
没有新邮件！12:31
没有新邮件！12:48
没有新邮件！13:05
没有新邮件！13:22
没有新邮件！13:38
没有新邮件！13:55
没有新邮件！14:12
没有新邮件！14:29
没有新邮件！14:46
没有新邮件！15:02
没有新邮件！15:19
没有新邮件！15:36
没有新邮件！15:53
没有新邮件！16:10
没有新邮件！16:26
没有新邮件！16:43
没有新邮件！17:00
没有新邮件！17:17
没有新邮件！17:34
没有新邮件！17:50
没有新邮件！18:07
没有新邮件！18:24
没有新邮件！18:41
没有新邮件！18:58
没有新邮件！19:14
没有新邮件！19:31
没有新邮件！19:48
没有新邮件！20:05
没有新邮件！20:21
没有新邮件！20:38
没有新邮件！20:55
没有新邮件！21:12
没有新邮件！21:29
没有新邮件！21:45
没有新邮件！22:02
没有新邮件！22:19
没有新邮件！22:36
没有新邮件！22:52
没有新邮件！23:09
没有新邮件！23:26
没有新邮件！23:43
没有新邮件！00:00
没有新邮件！00:16
没有新邮件！00:33
没有新邮件！00:50
没有新邮件！01:07
没有新邮件！01:24
没有新邮件！01:40
没有新邮件！01:57
没有新邮件！02:14
没有新邮件！02:31
没有新邮件！02:47
没有新邮件！03:04
没有新邮件！03:21
没有新邮件！03:38
没有新邮件！03:56
没有新邮件！04:13
没有新邮件！04:29
没有新邮件！04:46
没有新邮件！05:03
没有新邮件！05:20
没有新邮